<?xml version="1.0" encoding="UTF-8"?>
<!-- Generated by org.testng.reporters.JUnitXMLReporter -->
<testsuite ignored="0" hostname="Pranups" failures="0" tests="10" name="Default test" time="156.968" errors="0" timestamp="2021-11-18T10:43:52 IST">
  <testcase classname="Runner.Application" name="signinbuttonValidation" time="18.937"/>
  <testcase classname="Runner.Application" name="Giftcard" time="26.004"/>
  <testcase classname="Runner.Application" name="addingproducttocart" time="24.587"/>
  <testcase classname="Runner.Application" name="searchproduct" time="8.101"/>
  <testcase classname="Runner.Application" name="shopbycateg" time="16.475"/>
  <testcase classname="Runner.Application" name="codAvailability" time="15.439"/>
  <testcase classname="Runner.Application" name="PersonalisedGiftsPage" time="10.844"/>
  <testcase classname="Runner.Application" name="CreateAcc" time="11.176"/>
  <testcase classname="Runner.Application" name="validateWhatsnewPage" time="8.44"/>
  <testcase classname="Runner.Application" name="GiftsPage" time="13.056"/>
</testsuite> <!-- Default test -->
