<?xml version="1.0" encoding="UTF-8"?>
<!-- Generated by org.testng.reporters.JUnitXMLReporter -->
<testsuite ignored="0" hostname="Pranups" failures="0" tests="11" name="Default test" time="277.715" errors="0" timestamp="2021-11-19T23:49:36 IST">
  <testcase classname="Runner.Application" name="signinbuttonValidation" time="137.21"/>
  <testcase classname="Runner.Application" name="Giftcard" time="26.169"/>
  <testcase classname="Runner.Application" name="addingproducttocart" time="24.292"/>
  <testcase classname="Runner.Application" name="searchproduct" time="6.906"/>
  <testcase classname="Runner.Application" name="shopbycateg" time="13.719"/>
  <testcase classname="Runner.Application" name="codAvailability" time="13.701"/>
  <testcase classname="Runner.Application" name="PersonalisedGiftsPage" time="9.699"/>
  <testcase classname="Runner.Application" name="CreateAcc" time="9.665"/>
  <testcase classname="Runner.Application" name="validateWhatsnewPage" time="8.002"/>
  <testcase classname="Runner.Application" name="GiftsPage" time="11.518"/>
  <testcase classname="Runner.Application" name="CorporateGifts" time="11.005"/>
</testsuite> <!-- Default test -->
