<?xml version="1.0" encoding="UTF-8"?>
<!-- Generated by org.testng.reporters.JUnitXMLReporter -->
<testsuite ignored="0" hostname="Pranups" failures="0" tests="10" name="Test" time="161.943" errors="0" timestamp="18 Nov 2021 05:20:03 GMT">
  <testcase classname="Runner.Application" name="signinbuttonValidation" time="20.109"/>
  <testcase classname="Runner.Application" name="Giftcard" time="26.901"/>
  <testcase classname="Runner.Application" name="addingproducttocart" time="26.858"/>
  <testcase classname="Runner.Application" name="searchproduct" time="10.102"/>
  <testcase classname="Runner.Application" name="shopbycateg" time="16.499"/>
  <testcase classname="Runner.Application" name="codAvailability" time="15.2"/>
  <testcase classname="Runner.Application" name="PersonalisedGiftsPage" time="10.518"/>
  <testcase classname="Runner.Application" name="CreateAcc" time="10.872"/>
  <testcase classname="Runner.Application" name="validateWhatsnewPage" time="8.63"/>
  <testcase classname="Runner.Application" name="GiftsPage" time="12.478"/>
</testsuite> <!-- Test -->
