<?xml version="1.0" encoding="UTF-8"?>
<!-- Generated by org.testng.reporters.JUnitXMLReporter -->
<testsuite hostname="Pranups" ignored="0" name="Test" tests="10" failures="0" timestamp="18 Nov 2021 17:50:15 GMT" time="145.559" errors="0">
  <testcase name="signinbuttonValidation" time="18.537" classname="Runner.Application"/>
  <testcase name="Giftcard" time="25.094" classname="Runner.Application"/>
  <testcase name="addingproducttocart" time="23.461" classname="Runner.Application"/>
  <testcase name="searchproduct" time="6.093" classname="Runner.Application"/>
  <testcase name="shopbycateg" time="13.516" classname="Runner.Application"/>
  <testcase name="codAvailability" time="12.954" classname="Runner.Application"/>
  <testcase name="PersonalisedGiftsPage" time="9.754" classname="Runner.Application"/>
  <testcase name="CreateAcc" time="9.455" classname="Runner.Application"/>
  <testcase name="validateWhatsnewPage" time="7.83" classname="Runner.Application"/>
  <testcase name="GiftsPage" time="11.482" classname="Runner.Application"/>
</testsuite> <!-- Test -->
