<?xml version="1.0" encoding="UTF-8"?>
<testsuite xmlns:xsi="http://www.w3.org/2001/XMLSchema-instance" xsi:noNamespaceSchemaLocation="https://maven.apache.org/surefire/maven-surefire-plugin/xsd/surefire-test-report.xsd" name="TestSuite" time="146.638" tests="10" errors="0" skipped="0" failures="0">
  <properties>
[...]
</properties>
  <testcase name="signinbuttonValidation" classname="Runner.Application" time="18.537"/>
  <testcase name="Giftcard" classname="Runner.Application" time="25.094"/>
  <testcase name="addingproducttocart" classname="Runner.Application" time="23.461"/>
  <testcase name="searchproduct" classname="Runner.Application" time="6.093"/>
  <testcase name="shopbycateg" classname="Runner.Application" time="13.517"/>
  <testcase name="codAvailability" classname="Runner.Application" time="12.954"/>
  <testcase name="PersonalisedGiftsPage" classname="Runner.Application" time="9.755"/>
  <testcase name="CreateAcc" classname="Runner.Application" time="9.454"/>
  <testcase name="validateWhatsnewPage" classname="Runner.Application" time="7.83"/>
  <testcase name="GiftsPage" classname="Runner.Application" time="11.482"/>
</testsuite>