<?xml version="1.0" encoding="UTF-8"?>
<testsuite xmlns:xsi="http://www.w3.org/2001/XMLSchema-instance" xsi:noNamespaceSchemaLocation="https://maven.apache.org/surefire/maven-surefire-plugin/xsd/surefire-test-report.xsd" name="TestSuite" time="163.253" tests="10" errors="0" skipped="0" failures="0">
  <properties>
[...]
</properties>
  <testcase name="signinbuttonValidation" classname="Runner.Application" time="20.111"/>
  <testcase name="Giftcard" classname="Runner.Application" time="26.908"/>
  <testcase name="addingproducttocart" classname="Runner.Application" time="26.85"/>
  <testcase name="searchproduct" classname="Runner.Application" time="10.103"/>
  <testcase name="shopbycateg" classname="Runner.Application" time="16.499"/>
  <testcase name="codAvailability" classname="Runner.Application" time="15.2"/>
  <testcase name="PersonalisedGiftsPage" classname="Runner.Application" time="10.518"/>
  <testcase name="CreateAcc" classname="Runner.Application" time="10.872"/>
  <testcase name="validateWhatsnewPage" classname="Runner.Application" time="8.63"/>
  <testcase name="GiftsPage" classname="Runner.Application" time="12.478"/>
</testsuite>